<?xml version="1.0" encoding="UTF-8"?>
<!-- Generated by org.testng.reporters.JUnitXMLReporter -->
<testsuite hostname="TYSS" ignored="18" name="Test" tests="10" failures="1" timestamp="2021-12-16T17:03:12 IST" time="100.546" errors="0">
  <testcase name="MobileNumberWithAlphanumericValueTest" time="6.193" classname="testscripts.TC_33_MobileNumberWithAlphanumericValue"/>
  <testcase name="EnterValidMobileNumberInMobileTextFieldTest" time="1.703" classname="testscripts.TC_29_EnterInValidMobileNumberInMobileTextField">
    <failure type="java.lang.AssertionError" message="The following asserts failed:
	expected [] but found [1239423597]">
      <![CDATA[java.lang.AssertionError: The following asserts failed:
expected [] but found [1239423597]
at testscripts.TC_29_EnterInValidMobileNumberInMobileTextField.EnterValidMobileNumberInMobileTextFieldTest(TC_29_EnterInValidMobileNumberInMobileTextField.java:30)
at java.util.ArrayList.forEach(Unknown Source)
... Removed 29 stack frames]]>
    </failure>
  </testcase> <!-- EnterValidMobileNumberInMobileTextFieldTest -->
  <testcase name="MobileNumberWithSpecialCharTest" time="5.419" classname="testscripts.TC_35_MobileNumberWithSpecialChar"/>
  <testcase name="MobileNumberWithSpacesTest" time="5.353" classname="testscripts.TC_36_MobileNumberWithSpaces"/>
  <testcase name="EnterMobileinInTextFieldTest" time="1.366" classname="testscripts.TC_28_EnterMobileInTextField"/>
  <testcase name="MobileNumberWith9DigitTest" time="5.398" classname="testscripts.TC_32_MobileNumberWith9Digit"/>
  <testcase name="EnterValidMobileNumberInMobileNumbertextFieldTest" time="1.522" classname="testscripts.TC_31_MobileNumberWith11Digit"/>
  <testcase name="EnterValidMobileNumberInMobileNumbertextFieldTest" time="2.337" classname="testscripts.TC_30_EnterValidMobileNumberInMobileNumbertextField"/>
  <testcase name="MobileNumberCountryCodeWorkingOrNotTest" time="2.195" classname="testscripts.TC_37_MobileNumberCountryCodeWorkingOrNot"/>
  <testcase name="MobileNumberWithAlphabeticalCharTest" time="5.387" classname="testscripts.TC_34_MobileNumberWithAlphabeticalChar"/>
  <testcase name="@AfterSuite closeDB" time="0.0" classname="com.cams.GenericLibrary.BaseClass">
    <ignored/>
  </testcase> <!-- @AfterSuite closeDB -->
  <testcase name="@AfterSuite closeDB" time="0.0" classname="com.cams.GenericLibrary.BaseClass">
    <ignored/>
  </testcase> <!-- @AfterSuite closeDB -->
  <testcase name="@AfterSuite closeDB" time="0.0" classname="com.cams.GenericLibrary.BaseClass">
    <ignored/>
  </testcase> <!-- @AfterSuite closeDB -->
  <testcase name="@AfterSuite closeDB" time="0.0" classname="com.cams.GenericLibrary.BaseClass">
    <ignored/>
  </testcase> <!-- @AfterSuite closeDB -->
  <testcase name="@AfterSuite closeDB" time="0.0" classname="com.cams.GenericLibrary.BaseClass">
    <ignored/>
  </testcase> <!-- @AfterSuite closeDB -->
  <testcase name="@AfterSuite closeDB" time="0.0" classname="com.cams.GenericLibrary.BaseClass">
    <ignored/>
  </testcase> <!-- @AfterSuite closeDB -->
  <testcase name="@AfterSuite closeDB" time="0.0" classname="com.cams.GenericLibrary.BaseClass">
    <ignored/>
  </testcase> <!-- @AfterSuite closeDB -->
  <testcase name="@AfterSuite closeDB" time="0.0" classname="com.cams.GenericLibrary.BaseClass">
    <ignored/>
  </testcase> <!-- @AfterSuite closeDB -->
  <testcase name="@AfterSuite closeDB" time="0.0" classname="com.cams.GenericLibrary.BaseClass">
    <ignored/>
  </testcase> <!-- @AfterSuite closeDB -->
  <testcase name="@BeforeSuite connectDB" time="0.0" classname="com.cams.GenericLibrary.BaseClass">
    <ignored/>
  </testcase> <!-- @BeforeSuite connectDB -->
  <testcase name="@BeforeSuite connectDB" time="0.0" classname="com.cams.GenericLibrary.BaseClass">
    <ignored/>
  </testcase> <!-- @BeforeSuite connectDB -->
  <testcase name="@BeforeSuite connectDB" time="0.0" classname="com.cams.GenericLibrary.BaseClass">
    <ignored/>
  </testcase> <!-- @BeforeSuite connectDB -->
  <testcase name="@BeforeSuite connectDB" time="0.0" classname="com.cams.GenericLibrary.BaseClass">
    <ignored/>
  </testcase> <!-- @BeforeSuite connectDB -->
  <testcase name="@BeforeSuite connectDB" time="0.0" classname="com.cams.GenericLibrary.BaseClass">
    <ignored/>
  </testcase> <!-- @BeforeSuite connectDB -->
  <testcase name="@BeforeSuite connectDB" time="0.0" classname="com.cams.GenericLibrary.BaseClass">
    <ignored/>
  </testcase> <!-- @BeforeSuite connectDB -->
  <testcase name="@BeforeSuite connectDB" time="0.0" classname="com.cams.GenericLibrary.BaseClass">
    <ignored/>
  </testcase> <!-- @BeforeSuite connectDB -->
  <testcase name="@BeforeSuite connectDB" time="0.0" classname="com.cams.GenericLibrary.BaseClass">
    <ignored/>
  </testcase> <!-- @BeforeSuite connectDB -->
  <testcase name="@BeforeSuite connectDB" time="0.0" classname="com.cams.GenericLibrary.BaseClass">
    <ignored/>
  </testcase> <!-- @BeforeSuite connectDB -->
</testsuite> <!-- Test -->
