<?xml version="1.0" encoding="UTF-8"?>
<!-- Generated by org.testng.reporters.JUnitXMLReporter -->
<testsuite hostname="TYSS" ignored="18" name="Test" tests="10" failures="1" timestamp="2021-12-13T17:35:09 IST" time="64.969" errors="0">
  <testcase name="ClickOnInvestnowTest" time="0.146" classname="testscripts.TC_01_ClickOnInvestnow"/>
  <testcase name="CreateAccWithoutEnteringFirstNameTest" time="1.193" classname="testscripts.TC_10_CreateAccWithoutEnteringFirstName"/>
  <testcase name="enterFirstNameTest" time="0.777" classname="testscripts.TC_02_EnterFirstName">
    <failure type="java.lang.NullPointerException">
      <![CDATA[java.lang.NullPointerException
at com.cams.GenericLibrary.ExcelUtility.getExcelData(ExcelUtility.java:23)
at testscripts.TC_02_EnterFirstName.enterFirstNameTest(TC_02_EnterFirstName.java:25)
at java.util.ArrayList.forEach(Unknown Source)
... Removed 27 stack frames]]>
    </failure>
  </testcase> <!-- enterFirstNameTest -->
  <testcase name="EnterFirstNameMoreThan32CharacterTest" time="1.488" classname="testscripts.TC_03_EnterFirstNameMoreThan32Character"/>
  <testcase name="EnterFirstNameWithSpacesTest" time="1.313" classname="testscripts.TC_06_EnterFirstNameWithSpaces"/>
  <testcase name="FirstNameWithFirstLetterInUpperCaseTest" time="1.328" classname="testscripts.TC_07_FirstNameWithFirstLetterInUpperCase"/>
  <testcase name="enterFirstName" time="1.296" classname="testscripts.TC_04_EnterFirstNameWithAlphanumericValue"/>
  <testcase name="FirstNameWithAllLettersInLowerCaseTest" time="1.335" classname="testscripts.TC_09_FirstNameWithAllLettersInLowerCase"/>
  <testcase name="firstNameWithAllLettersInUpperCaseTest" time="1.368" classname="testscripts.TC_08_FirstNameWithAllLettersInUpperCase"/>
  <testcase name="EnterFirstNameWithSpecialCharTest" time="1.281" classname="testscripts.TC_05_EnterFirstNameWithSpecialChar"/>
  <testcase name="@AfterSuite closeDB" time="0.0" classname="com.cams.GenericLibrary.BaseClass">
    <ignored/>
  </testcase> <!-- @AfterSuite closeDB -->
  <testcase name="@AfterSuite closeDB" time="0.0" classname="com.cams.GenericLibrary.BaseClass">
    <ignored/>
  </testcase> <!-- @AfterSuite closeDB -->
  <testcase name="@AfterSuite closeDB" time="0.0" classname="com.cams.GenericLibrary.BaseClass">
    <ignored/>
  </testcase> <!-- @AfterSuite closeDB -->
  <testcase name="@AfterSuite closeDB" time="0.0" classname="com.cams.GenericLibrary.BaseClass">
    <ignored/>
  </testcase> <!-- @AfterSuite closeDB -->
  <testcase name="@AfterSuite closeDB" time="0.0" classname="com.cams.GenericLibrary.BaseClass">
    <ignored/>
  </testcase> <!-- @AfterSuite closeDB -->
  <testcase name="@AfterSuite closeDB" time="0.0" classname="com.cams.GenericLibrary.BaseClass">
    <ignored/>
  </testcase> <!-- @AfterSuite closeDB -->
  <testcase name="@AfterSuite closeDB" time="0.0" classname="com.cams.GenericLibrary.BaseClass">
    <ignored/>
  </testcase> <!-- @AfterSuite closeDB -->
  <testcase name="@AfterSuite closeDB" time="0.0" classname="com.cams.GenericLibrary.BaseClass">
    <ignored/>
  </testcase> <!-- @AfterSuite closeDB -->
  <testcase name="@AfterSuite closeDB" time="0.0" classname="com.cams.GenericLibrary.BaseClass">
    <ignored/>
  </testcase> <!-- @AfterSuite closeDB -->
  <testcase name="@BeforeSuite connectDB" time="0.0" classname="com.cams.GenericLibrary.BaseClass">
    <ignored/>
  </testcase> <!-- @BeforeSuite connectDB -->
  <testcase name="@BeforeSuite connectDB" time="0.0" classname="com.cams.GenericLibrary.BaseClass">
    <ignored/>
  </testcase> <!-- @BeforeSuite connectDB -->
  <testcase name="@BeforeSuite connectDB" time="0.0" classname="com.cams.GenericLibrary.BaseClass">
    <ignored/>
  </testcase> <!-- @BeforeSuite connectDB -->
  <testcase name="@BeforeSuite connectDB" time="0.0" classname="com.cams.GenericLibrary.BaseClass">
    <ignored/>
  </testcase> <!-- @BeforeSuite connectDB -->
  <testcase name="@BeforeSuite connectDB" time="0.0" classname="com.cams.GenericLibrary.BaseClass">
    <ignored/>
  </testcase> <!-- @BeforeSuite connectDB -->
  <testcase name="@BeforeSuite connectDB" time="0.0" classname="com.cams.GenericLibrary.BaseClass">
    <ignored/>
  </testcase> <!-- @BeforeSuite connectDB -->
  <testcase name="@BeforeSuite connectDB" time="0.0" classname="com.cams.GenericLibrary.BaseClass">
    <ignored/>
  </testcase> <!-- @BeforeSuite connectDB -->
  <testcase name="@BeforeSuite connectDB" time="0.0" classname="com.cams.GenericLibrary.BaseClass">
    <ignored/>
  </testcase> <!-- @BeforeSuite connectDB -->
  <testcase name="@BeforeSuite connectDB" time="0.0" classname="com.cams.GenericLibrary.BaseClass">
    <ignored/>
  </testcase> <!-- @BeforeSuite connectDB -->
</testsuite> <!-- Test -->
