<?xml version="1.0" encoding="UTF-8"?>
<testng-results skipped="0" failed="0" ignored="0" total="1" passed="1">
  <reporter-output>
  </reporter-output>
  <suite name="Default suite" duration-ms="10637" started-at="2021-12-16T18:15:05 IST" finished-at="2021-12-16T18:15:15 IST">
    <groups>
    </groups>
    <test name="Default test" duration-ms="10637" started-at="2021-12-16T18:15:05 IST" finished-at="2021-12-16T18:15:15 IST">
      <class name="testscripts.TC_37_MobileNumberCountryCodeWorkingOrNot">
        <test-method status="PASS" signature="connectDB()[pri:0, instance:testscripts.TC_37_MobileNumberCountryCodeWorkingOrNot@5579bb86]" name="connectDB" is-config="true" duration-ms="0" started-at="2021-12-16T18:15:05 IST" finished-at="2021-12-16T18:15:05 IST">
          <reporter-output>
          </reporter-output>
        </test-method> <!-- connectDB -->
        <test-method status="PASS" signature="launchBrowser()[pri:0, instance:testscripts.TC_37_MobileNumberCountryCodeWorkingOrNot@5579bb86]" name="launchBrowser" is-config="true" duration-ms="5069" started-at="2021-12-16T18:15:05 IST" finished-at="2021-12-16T18:15:10 IST">
          <reporter-output>
          </reporter-output>
        </test-method> <!-- launchBrowser -->
        <test-method status="PASS" signature="MobileNumberCountryCodeWorkingOrNotTest()[pri:0, instance:testscripts.TC_37_MobileNumberCountryCodeWorkingOrNot@5579bb86]" name="MobileNumberCountryCodeWorkingOrNotTest" duration-ms="5554" started-at="2021-12-16T18:15:10 IST" finished-at="2021-12-16T18:15:15 IST">
          <reporter-output>
          </reporter-output>
        </test-method> <!-- MobileNumberCountryCodeWorkingOrNotTest -->
        <test-method status="PASS" signature="loginToApp()[pri:0, instance:testscripts.TC_37_MobileNumberCountryCodeWorkingOrNot@5579bb86]" name="loginToApp" is-config="true" duration-ms="0" started-at="2021-12-16T18:15:10 IST" finished-at="2021-12-16T18:15:10 IST">
          <reporter-output>
          </reporter-output>
        </test-method> <!-- loginToApp -->
        <test-method status="PASS" signature="closeBrowser()[pri:0, instance:testscripts.TC_37_MobileNumberCountryCodeWorkingOrNot@5579bb86]" name="closeBrowser" is-config="true" duration-ms="0" started-at="2021-12-16T18:15:15 IST" finished-at="2021-12-16T18:15:15 IST">
          <reporter-output>
          </reporter-output>
        </test-method> <!-- closeBrowser -->
        <test-method status="PASS" signature="logoutofApp()[pri:0, instance:testscripts.TC_37_MobileNumberCountryCodeWorkingOrNot@5579bb86]" name="logoutofApp" is-config="true" duration-ms="0" started-at="2021-12-16T18:15:15 IST" finished-at="2021-12-16T18:15:15 IST">
          <reporter-output>
          </reporter-output>
        </test-method> <!-- logoutofApp -->
        <test-method status="FAIL" signature="closeDB()[pri:0, instance:testscripts.TC_37_MobileNumberCountryCodeWorkingOrNot@5579bb86]" name="closeDB" is-config="true" duration-ms="0" started-at="2021-12-16T18:15:15 IST" finished-at="2021-12-16T18:15:15 IST">
          <exception class="java.lang.NullPointerException">
            <full-stacktrace>
              <![CDATA[java.lang.NullPointerException
at com.cams.GenericLibrary.DatabaseUtility.closeDb(DatabaseUtility.java:28)
at com.cams.GenericLibrary.BaseClass.closeDB(BaseClass.java:73)
at sun.reflect.NativeMethodAccessorImpl.invoke0(Native Method)
at sun.reflect.NativeMethodAccessorImpl.invoke(Unknown Source)
at sun.reflect.DelegatingMethodAccessorImpl.invoke(Unknown Source)
at java.lang.reflect.Method.invoke(Unknown Source)
at org.testng.internal.MethodInvocationHelper.invokeMethod(MethodInvocationHelper.java:133)
at org.testng.internal.MethodInvocationHelper.invokeMethodConsideringTimeout(MethodInvocationHelper.java:62)
at org.testng.internal.ConfigInvoker.invokeConfigurationMethod(ConfigInvoker.java:385)
at org.testng.internal.ConfigInvoker.invokeConfigurations(ConfigInvoker.java:321)
at org.testng.SuiteRunner.privateRun(SuiteRunner.java:344)
at org.testng.SuiteRunner.run(SuiteRunner.java:276)
at org.testng.SuiteRunnerWorker.runSuite(SuiteRunnerWorker.java:53)
at org.testng.SuiteRunnerWorker.run(SuiteRunnerWorker.java:96)
at org.testng.TestNG.runSuitesSequentially(TestNG.java:1212)
at org.testng.TestNG.runSuitesLocally(TestNG.java:1134)
at org.testng.TestNG.runSuites(TestNG.java:1063)
at org.testng.TestNG.run(TestNG.java:1031)
at org.testng.remote.AbstractRemoteTestNG.run(AbstractRemoteTestNG.java:115)
at org.testng.remote.RemoteTestNG.initAndRun(RemoteTestNG.java:251)
at org.testng.remote.RemoteTestNG.main(RemoteTestNG.java:77)
]]>
            </full-stacktrace>
          </exception> <!-- java.lang.NullPointerException -->
          <reporter-output>
          </reporter-output>
        </test-method> <!-- closeDB -->
      </class> <!-- testscripts.TC_37_MobileNumberCountryCodeWorkingOrNot -->
    </test> <!-- Default test -->
  </suite> <!-- Default suite -->
</testng-results>
